npm error code ERESOLVE
npm error ERESOLVE could not resolve
npm error
npm error While resolving: emoji-mart@3.0.1
npm error Found: react@18.2.0
npm error node_modules/react
npm error   peer react@">=16.0.0" from @ant-design/cssinjs@1.18.2
npm error   node_modules/@ant-design/cssinjs
npm error     @ant-design/cssinjs@"^1.18.2" from antd@5.13.2
npm error     node_modules/antd
npm error       antd@"^5.13.2" from the root project
npm error   peer react@">=16.0.0" from @ant-design/icons@5.2.6
npm error   node_modules/@ant-design/icons
npm error     @ant-design/icons@"^5.2.6" from antd@5.13.2
npm error     node_modules/antd
npm error       antd@"^5.13.2" from the root project
npm error     @ant-design/icons@"^5.2.6" from the root project
npm error   84 more (@ant-design/react-slick, @iconify/react, ...)
npm error
npm error Could not resolve dependency:
npm error peer react@"^0.14.0 || ^15.0.0-0 || ^16.0.0 || ^17.0.0" from emoji-mart@3.0.1
npm error node_modules/emoji-mart
npm error   emoji-mart@"^3.0.1" from the root project
npm error
npm error Conflicting peer dependency: react@17.0.2
npm error node_modules/react
npm error   peer react@"^0.14.0 || ^15.0.0-0 || ^16.0.0 || ^17.0.0" from emoji-mart@3.0.1
npm error   node_modules/emoji-mart
npm error     emoji-mart@"^3.0.1" from the root project
npm error
npm error Fix the upstream dependency conflict, or retry
npm error this command with --force or --legacy-peer-deps
npm error to accept an incorrect (and potentially broken) dependency resolution.
npm error
npm error
npm error For a full report see:
npm error C:\Users\nasser\AppData\Local\npm-cache\_logs\2025-08-31T10_18_46_593Z-eresolve-report.txt
npm error A complete log of this run can be found in: C:\Users\nasser\AppData\Local\npm-cache\_logs\2025-08-31T10_18_46_593Z-debug-0.log
